{"C:\\Users\\user\\Desktop\\Projeler\\react\\rick-and-morty\\src\\App.js": {"path":"C:\\Users\\user\\Desktop\\Projeler\\react\\rick-and-morty\\src\\App.js","statementMap":{"0":{"start":{"line":9,"column":38},"end":{"line":9,"column":50}},"1":{"start":{"line":10,"column":30},"end":{"line":15,"column":4}},"2":{"start":{"line":17,"column":22},"end":{"line":20,"column":3}},"3":{"start":{"line":18,"column":14},"end":{"line":18,"column":202}},"4":{"start":{"line":19,"column":4},"end":{"line":19,"column":15}},"5":{"start":{"line":22,"column":2},"end":{"line":30,"column":9}},"6":{"start":{"line":23,"column":4},"end":{"line":29,"column":9}},"7":{"start":{"line":25,"column":8},"end":{"line":25,"column":31}},"8":{"start":{"line":28,"column":8},"end":{"line":28,"column":40}},"9":{"start":{"line":32,"column":2},"end":{"line":73,"column":4}},"10":{"start":{"line":39,"column":12},"end":{"line":44,"column":14}},"11":{"start":{"line":52,"column":28},"end":{"line":55,"column":11}},"12":{"start":{"line":54,"column":14},"end":{"line":54,"column":109}},"13":{"start":{"line":56,"column":10},"end":{"line":60,"column":12}},"14":{"start":{"line":66,"column":10},"end":{"line":68,"column":40}}},"fnMap":{"0":{"name":"App","decl":{"start":{"line":8,"column":24},"end":{"line":8,"column":27}},"loc":{"start":{"line":8,"column":30},"end":{"line":74,"column":1}},"line":8},"1":{"name":"(anonymous_1)","decl":{"start":{"line":17,"column":22},"end":{"line":17,"column":23}},"loc":{"start":{"line":17,"column":28},"end":{"line":20,"column":3}},"line":17},"2":{"name":"(anonymous_2)","decl":{"start":{"line":22,"column":12},"end":{"line":22,"column":13}},"loc":{"start":{"line":22,"column":18},"end":{"line":30,"column":3}},"line":22},"3":{"name":"(anonymous_3)","decl":{"start":{"line":24,"column":12},"end":{"line":24,"column":13}},"loc":{"start":{"line":24,"column":26},"end":{"line":26,"column":7}},"line":24},"4":{"name":"(anonymous_4)","decl":{"start":{"line":27,"column":12},"end":{"line":27,"column":13}},"loc":{"start":{"line":27,"column":26},"end":{"line":29,"column":7}},"line":27},"5":{"name":"(anonymous_5)","decl":{"start":{"line":37,"column":16},"end":{"line":37,"column":17}},"loc":{"start":{"line":37,"column":22},"end":{"line":46,"column":9}},"line":37},"6":{"name":"(anonymous_6)","decl":{"start":{"line":51,"column":16},"end":{"line":51,"column":17}},"loc":{"start":{"line":51,"column":33},"end":{"line":61,"column":9}},"line":51},"7":{"name":"(anonymous_7)","decl":{"start":{"line":53,"column":12},"end":{"line":53,"column":13}},"loc":{"start":{"line":54,"column":14},"end":{"line":54,"column":109}},"line":54},"8":{"name":"(anonymous_8)","decl":{"start":{"line":65,"column":16},"end":{"line":65,"column":17}},"loc":{"start":{"line":65,"column":22},"end":{"line":69,"column":9}},"line":65}},"branchMap":{"0":{"loc":{"start":{"line":18,"column":67},"end":{"line":18,"column":101}},"type":"cond-expr","locations":[{"start":{"line":18,"column":83},"end":{"line":18,"column":96}},{"start":{"line":18,"column":99},"end":{"line":18,"column":101}}],"line":18},"1":{"loc":{"start":{"line":18,"column":113},"end":{"line":18,"column":149}},"type":"cond-expr","locations":[{"start":{"line":18,"column":130},"end":{"line":18,"column":144}},{"start":{"line":18,"column":147},"end":{"line":18,"column":149}}],"line":18},"2":{"loc":{"start":{"line":18,"column":160},"end":{"line":18,"column":200}},"type":"cond-expr","locations":[{"start":{"line":18,"column":179},"end":{"line":18,"column":195}},{"start":{"line":18,"column":198},"end":{"line":18,"column":200}}],"line":18}},"s":{"0":1,"1":1,"2":1,"3":0,"4":0,"5":1,"6":1,"7":0,"8":0,"9":1,"10":1,"11":0,"12":0,"13":0,"14":0},"f":{"0":1,"1":0,"2":1,"3":0,"4":0,"5":1,"6":0,"7":0,"8":0},"b":{"0":[0,0],"1":[0,0],"2":[0,0]},"_coverageSchema":"1a1c01bbd47fc00a2c39e90264f33305004495a9","hash":"70eccbb5116e2418b4e11a42c44992728d58f238"}
,"C:\\Users\\user\\Desktop\\Projeler\\react\\rick-and-morty\\src\\utils.js": {"path":"C:\\Users\\user\\Desktop\\Projeler\\react\\rick-and-morty\\src\\utils.js","statementMap":{"0":{"start":{"line":2,"column":4},"end":{"line":4,"column":5}},"1":{"start":{"line":3,"column":8},"end":{"line":3,"column":18}},"2":{"start":{"line":6,"column":22},"end":{"line":6,"column":57}},"3":{"start":{"line":7,"column":4},"end":{"line":7,"column":23}},"4":{"start":{"line":11,"column":4},"end":{"line":13,"column":5}},"5":{"start":{"line":12,"column":8},"end":{"line":12,"column":18}},"6":{"start":{"line":15,"column":19},"end":{"line":15,"column":38}},"7":{"start":{"line":16,"column":22},"end":{"line":16,"column":56}},"8":{"start":{"line":16,"column":42},"end":{"line":16,"column":55}},"9":{"start":{"line":17,"column":4},"end":{"line":17,"column":33}},"10":{"start":{"line":21,"column":4},"end":{"line":23,"column":5}},"11":{"start":{"line":22,"column":8},"end":{"line":22,"column":18}},"12":{"start":{"line":25,"column":4},"end":{"line":25,"column":51}},"13":{"start":{"line":29,"column":4},"end":{"line":31,"column":6}},"14":{"start":{"line":30,"column":8},"end":{"line":30,"column":65}}},"fnMap":{"0":{"name":"capitalize","decl":{"start":{"line":1,"column":16},"end":{"line":1,"column":26}},"loc":{"start":{"line":1,"column":32},"end":{"line":8,"column":1}},"line":1},"1":{"name":"linkToName","decl":{"start":{"line":10,"column":16},"end":{"line":10,"column":26}},"loc":{"start":{"line":10,"column":37},"end":{"line":18,"column":1}},"line":10},"2":{"name":"(anonymous_2)","decl":{"start":{"line":16,"column":35},"end":{"line":16,"column":36}},"loc":{"start":{"line":16,"column":42},"end":{"line":16,"column":55}},"line":16},"3":{"name":"nameToLink","decl":{"start":{"line":20,"column":16},"end":{"line":20,"column":26}},"loc":{"start":{"line":20,"column":33},"end":{"line":26,"column":1}},"line":20},"4":{"name":"filterByName","decl":{"start":{"line":28,"column":16},"end":{"line":28,"column":28}},"loc":{"start":{"line":28,"column":47},"end":{"line":32,"column":1}},"line":28},"5":{"name":"(anonymous_5)","decl":{"start":{"line":29,"column":29},"end":{"line":29,"column":30}},"loc":{"start":{"line":30,"column":8},"end":{"line":30,"column":65}},"line":30}},"branchMap":{"0":{"loc":{"start":{"line":2,"column":4},"end":{"line":4,"column":5}},"type":"if","locations":[{"start":{"line":2,"column":4},"end":{"line":4,"column":5}},{"start":{"line":2,"column":4},"end":{"line":4,"column":5}}],"line":2},"1":{"loc":{"start":{"line":11,"column":4},"end":{"line":13,"column":5}},"type":"if","locations":[{"start":{"line":11,"column":4},"end":{"line":13,"column":5}},{"start":{"line":11,"column":4},"end":{"line":13,"column":5}}],"line":11},"2":{"loc":{"start":{"line":21,"column":4},"end":{"line":23,"column":5}},"type":"if","locations":[{"start":{"line":21,"column":4},"end":{"line":23,"column":5}},{"start":{"line":21,"column":4},"end":{"line":23,"column":5}}],"line":21}},"s":{"0":4,"1":1,"2":3,"3":3,"4":2,"5":1,"6":1,"7":1,"8":2,"9":1,"10":2,"11":1,"12":1,"13":1,"14":2},"f":{"0":4,"1":2,"2":2,"3":2,"4":1,"5":2},"b":{"0":[1,3],"1":[1,1],"2":[1,1]},"_coverageSchema":"1a1c01bbd47fc00a2c39e90264f33305004495a9","hash":"6575cb7eb8a71e4d816475d8514cdf096974738c"}
}
