TN:
SF:src\App.js
FN:8,App
FN:17,(anonymous_1)
FN:22,(anonymous_2)
FN:24,(anonymous_3)
FN:27,(anonymous_4)
FN:37,(anonymous_5)
FN:51,(anonymous_6)
FN:53,(anonymous_7)
FN:65,(anonymous_8)
FNF:9
FNH:3
FNDA:1,App
FNDA:0,(anonymous_1)
FNDA:1,(anonymous_2)
FNDA:0,(anonymous_3)
FNDA:0,(anonymous_4)
FNDA:1,(anonymous_5)
FNDA:0,(anonymous_6)
FNDA:0,(anonymous_7)
FNDA:0,(anonymous_8)
DA:9,1
DA:10,1
DA:17,1
DA:18,0
DA:19,0
DA:22,1
DA:23,1
DA:25,0
DA:28,0
DA:32,1
DA:39,1
DA:52,0
DA:54,0
DA:56,0
DA:66,0
LF:15
LH:7
BRDA:18,0,0,0
BRDA:18,0,1,0
BRDA:18,1,0,0
BRDA:18,1,1,0
BRDA:18,2,0,0
BRDA:18,2,1,0
BRF:6
BRH:0
end_of_record
TN:
SF:src\utils.js
FN:1,capitalize
FN:10,linkToName
FN:16,(anonymous_2)
FN:20,nameToLink
FN:28,filterByName
FN:29,(anonymous_5)
FNF:6
FNH:6
FNDA:4,capitalize
FNDA:2,linkToName
FNDA:2,(anonymous_2)
FNDA:2,nameToLink
FNDA:1,filterByName
FNDA:2,(anonymous_5)
DA:2,4
DA:3,1
DA:6,3
DA:7,3
DA:11,2
DA:12,1
DA:15,1
DA:16,2
DA:17,1
DA:21,2
DA:22,1
DA:25,1
DA:29,1
DA:30,2
LF:14
LH:14
BRDA:2,0,0,1
BRDA:2,0,1,3
BRDA:11,1,0,1
BRDA:11,1,1,1
BRDA:21,2,0,1
BRDA:21,2,1,1
BRF:6
BRH:6
end_of_record
